*** Starting uWSGI 2.0.18 (64bit) on [Sun Sep  1 21:01:40 2019] ***
compiled with version: 6.3.0 20170516 on 01 September 2019 23:06:39
os: Linux-4.9.0-8-amd64 #1 SMP Debian 4.9.144-3.1 (2019-02-19)
nodename: srv.purplewitch.org
machine: x86_64
clock source: unix
detected number of CPU cores: 2
current working directory: /home/purplewitch/www/lab
writing pidfile to /tmp/uwsgi.pid
detected binary path: /home/purplewitch/.virtualenvs/venv/bin/uwsgi
!!! no internal routing support, rebuild with pcre support !!!
chdir() to /home/purplewitch/www/lab
*** WARNING: you are running uWSGI without its master process manager ***
your processes number limit is 23801
your memory page size is 4096 bytes
detected max file descriptor number: 1048576
lock engine: pthread robust mutexes
thunder lock: disabled (you can enable it with --thunder-lock)
uwsgi socket 0 bound to UNIX address /home/purplewitch/www/lab/lab_uwsgi.sock fd 3
Python version: 3.5.3 (default, Sep 27 2018, 17:25:39)  [GCC 6.3.0 20170516]
*** Python threads support is disabled. You can enable it with --enable-threads ***
Python main interpreter initialized at 0x561537daf6c0
your server socket listen backlog is limited to 100 connections
your mercy for graceful operations on workers is 60 seconds
mapped 72904 bytes (71 KB) for 1 cores
*** Operational MODE: single process ***
WSGI app 0 (mountpoint='') ready in 0 seconds on interpreter 0x561537daf6c0 pid: 6395 (default app)
*** uWSGI is running in multiple interpreter mode ***
spawned uWSGI worker 1 (and the only) (pid: 6395, cores: 1)
[pid: 6395|app: 0|req: 1/1] 189.4.77.19 () {54 vars in 968 bytes} [Sun Sep  1 21:05:01 2019] GET / => generated 11 bytes in 1 msecs (HTTP/1.1 200) 1 headers in 44 bytes (1 switches on core 0)
